<?xml version="1.0" encoding="UTF-8"?>
<testsuite xmlns:xsi="http://www.w3.org/2001/XMLSchema-instance" xsi:noNamespaceSchemaLocation="https://maven.apache.org/surefire/maven-surefire-plugin/xsd/surefire-test-report-3.0.xsd" version="3.0" name="TACS.TACS.HelloWorldImplTest" time="0.044" tests="1" errors="0" skipped="0" failures="0">
  <properties>
    <property name="java.specification.version" value="22"/>
    <property name="sun.cpu.isalist" value="amd64"/>
    <property name="sun.jnu.encoding" value="Cp1252"/>
    <property name="java.class.path" value="C:\Users\MEM_1\eclipse-workspace\TACS\target\test-classes;C:\Users\MEM_1\eclipse-workspace\TACS\target\classes;C:\Users\MEM_1\.m2\repository\org\apache\cxf\cxf-rt-frontend-jaxws\4.0.4\cxf-rt-frontend-jaxws-4.0.4.jar;C:\Users\MEM_1\.m2\repository\xml-resolver\xml-resolver\1.2\xml-resolver-1.2.jar;C:\Users\MEM_1\.m2\repository\org\ow2\asm\asm\9.6\asm-9.6.jar;C:\Users\MEM_1\.m2\repository\org\apache\cxf\cxf-core\4.0.4\cxf-core-4.0.4.jar;C:\Users\MEM_1\.m2\repository\jakarta\annotation\jakarta.annotation-api\2.1.1\jakarta.annotation-api-2.1.1.jar;C:\Users\MEM_1\.m2\repository\org\glassfish\jaxb\jaxb-runtime\3.0.2\jaxb-runtime-3.0.2.jar;C:\Users\MEM_1\.m2\repository\org\glassfish\jaxb\jaxb-core\3.0.2\jaxb-core-3.0.2.jar;C:\Users\MEM_1\.m2\repository\org\glassfish\jaxb\txw2\3.0.2\txw2-3.0.2.jar;C:\Users\MEM_1\.m2\repository\com\sun\istack\istack-commons-runtime\4.0.1\istack-commons-runtime-4.0.1.jar;C:\Users\MEM_1\.m2\repository\com\fasterxml\woodstox\woodstox-core\6.6.1\woodstox-core-6.6.1.jar;C:\Users\MEM_1\.m2\repository\org\codehaus\woodstox\stax2-api\4.2.2\stax2-api-4.2.2.jar;C:\Users\MEM_1\.m2\repository\org\apache\ws\xmlschema\xmlschema-core\2.3.1\xmlschema-core-2.3.1.jar;C:\Users\MEM_1\.m2\repository\jakarta\xml\bind\jakarta.xml.bind-api\3.0.1\jakarta.xml.bind-api-3.0.1.jar;C:\Users\MEM_1\.m2\repository\org\apache\cxf\cxf-rt-bindings-soap\4.0.4\cxf-rt-bindings-soap-4.0.4.jar;C:\Users\MEM_1\.m2\repository\jakarta\xml\soap\jakarta.xml.soap-api\2.0.1\jakarta.xml.soap-api-2.0.1.jar;C:\Users\MEM_1\.m2\repository\jakarta\jws\jakarta.jws-api\3.0.0\jakarta.jws-api-3.0.0.jar;C:\Users\MEM_1\.m2\repository\jakarta\xml\ws\jakarta.xml.ws-api\3.0.1\jakarta.xml.ws-api-3.0.1.jar;C:\Users\MEM_1\.m2\repository\org\apache\cxf\cxf-rt-wsdl\4.0.4\cxf-rt-wsdl-4.0.4.jar;C:\Users\MEM_1\.m2\repository\wsdl4j\wsdl4j\1.6.3\wsdl4j-1.6.3.jar;C:\Users\MEM_1\.m2\repository\org\apache\cxf\cxf-rt-databinding-jaxb\4.0.4\cxf-rt-databinding-jaxb-4.0.4.jar;C:\Users\MEM_1\.m2\repository\org\apache\cxf\cxf-rt-bindings-xml\4.0.4\cxf-rt-bindings-xml-4.0.4.jar;C:\Users\MEM_1\.m2\repository\org\apache\cxf\cxf-rt-frontend-simple\4.0.4\cxf-rt-frontend-simple-4.0.4.jar;C:\Users\MEM_1\.m2\repository\org\eclipse\angus\angus-mail\1.0.0\angus-mail-1.0.0.jar;C:\Users\MEM_1\.m2\repository\jakarta\mail\jakarta.mail-api\2.1.0\jakarta.mail-api-2.1.0.jar;C:\Users\MEM_1\.m2\repository\org\apache\cxf\cxf-rt-ws-addr\4.0.4\cxf-rt-ws-addr-4.0.4.jar;C:\Users\MEM_1\.m2\repository\org\apache\cxf\cxf-rt-ws-policy\4.0.4\cxf-rt-ws-policy-4.0.4.jar;C:\Users\MEM_1\.m2\repository\org\apache\neethi\neethi\3.2.0\neethi-3.2.0.jar;C:\Users\MEM_1\.m2\repository\org\eclipse\angus\angus-activation\2.0.1\angus-activation-2.0.1.jar;C:\Users\MEM_1\.m2\repository\jakarta\activation\jakarta.activation-api\2.1.2\jakarta.activation-api-2.1.2.jar;C:\Users\MEM_1\.m2\repository\org\apache\cxf\cxf-rt-transports-http\4.0.4\cxf-rt-transports-http-4.0.4.jar;C:\Users\MEM_1\.m2\repository\org\springframework\spring-web\6.0.17\spring-web-6.0.17.jar;C:\Users\MEM_1\.m2\repository\org\springframework\spring-beans\6.0.17\spring-beans-6.0.17.jar;C:\Users\MEM_1\.m2\repository\org\springframework\spring-core\6.0.17\spring-core-6.0.17.jar;C:\Users\MEM_1\.m2\repository\org\springframework\spring-jcl\6.0.17\spring-jcl-6.0.17.jar;C:\Users\MEM_1\.m2\repository\io\micrometer\micrometer-observation\1.10.13\micrometer-observation-1.10.13.jar;C:\Users\MEM_1\.m2\repository\io\micrometer\micrometer-commons\1.10.13\micrometer-commons-1.10.13.jar;C:\Users\MEM_1\.m2\repository\junit\junit\4.13.2\junit-4.13.2.jar;C:\Users\MEM_1\.m2\repository\org\hamcrest\hamcrest-core\1.3\hamcrest-core-1.3.jar;"/>
    <property name="java.vm.vendor" value="Oracle Corporation"/>
    <property name="sun.arch.data.model" value="64"/>
    <property name="user.variant" value=""/>
    <property name="java.vendor.url" value="https://java.oracle.com/"/>
    <property name="user.timezone" value="America/Buenos_Aires"/>
    <property name="os.name" value="Windows 11"/>
    <property name="java.vm.specification.version" value="22"/>
    <property name="sun.java.launcher" value="SUN_STANDARD"/>
    <property name="user.country" value="US"/>
    <property name="sun.boot.library.path" value="C:\Program Files\Java\jdk-22\bin"/>
    <property name="sun.java.command" value="C:\Users\MEM_1\AppData\Local\Temp\surefire2007782469142500505\surefirebooter-20240413183246044_3.jar C:\Users\MEM_1\AppData\Local\Temp\surefire2007782469142500505 2024-04-13T18-32-45_768-jvmRun1 surefire-20240413183246044_1tmp surefire_0-20240413183246044_2tmp"/>
    <property name="jdk.debug" value="release"/>
    <property name="surefire.test.class.path" value="C:\Users\MEM_1\eclipse-workspace\TACS\target\test-classes;C:\Users\MEM_1\eclipse-workspace\TACS\target\classes;C:\Users\MEM_1\.m2\repository\org\apache\cxf\cxf-rt-frontend-jaxws\4.0.4\cxf-rt-frontend-jaxws-4.0.4.jar;C:\Users\MEM_1\.m2\repository\xml-resolver\xml-resolver\1.2\xml-resolver-1.2.jar;C:\Users\MEM_1\.m2\repository\org\ow2\asm\asm\9.6\asm-9.6.jar;C:\Users\MEM_1\.m2\repository\org\apache\cxf\cxf-core\4.0.4\cxf-core-4.0.4.jar;C:\Users\MEM_1\.m2\repository\jakarta\annotation\jakarta.annotation-api\2.1.1\jakarta.annotation-api-2.1.1.jar;C:\Users\MEM_1\.m2\repository\org\glassfish\jaxb\jaxb-runtime\3.0.2\jaxb-runtime-3.0.2.jar;C:\Users\MEM_1\.m2\repository\org\glassfish\jaxb\jaxb-core\3.0.2\jaxb-core-3.0.2.jar;C:\Users\MEM_1\.m2\repository\org\glassfish\jaxb\txw2\3.0.2\txw2-3.0.2.jar;C:\Users\MEM_1\.m2\repository\com\sun\istack\istack-commons-runtime\4.0.1\istack-commons-runtime-4.0.1.jar;C:\Users\MEM_1\.m2\repository\com\fasterxml\woodstox\woodstox-core\6.6.1\woodstox-core-6.6.1.jar;C:\Users\MEM_1\.m2\repository\org\codehaus\woodstox\stax2-api\4.2.2\stax2-api-4.2.2.jar;C:\Users\MEM_1\.m2\repository\org\apache\ws\xmlschema\xmlschema-core\2.3.1\xmlschema-core-2.3.1.jar;C:\Users\MEM_1\.m2\repository\jakarta\xml\bind\jakarta.xml.bind-api\3.0.1\jakarta.xml.bind-api-3.0.1.jar;C:\Users\MEM_1\.m2\repository\org\apache\cxf\cxf-rt-bindings-soap\4.0.4\cxf-rt-bindings-soap-4.0.4.jar;C:\Users\MEM_1\.m2\repository\jakarta\xml\soap\jakarta.xml.soap-api\2.0.1\jakarta.xml.soap-api-2.0.1.jar;C:\Users\MEM_1\.m2\repository\jakarta\jws\jakarta.jws-api\3.0.0\jakarta.jws-api-3.0.0.jar;C:\Users\MEM_1\.m2\repository\jakarta\xml\ws\jakarta.xml.ws-api\3.0.1\jakarta.xml.ws-api-3.0.1.jar;C:\Users\MEM_1\.m2\repository\org\apache\cxf\cxf-rt-wsdl\4.0.4\cxf-rt-wsdl-4.0.4.jar;C:\Users\MEM_1\.m2\repository\wsdl4j\wsdl4j\1.6.3\wsdl4j-1.6.3.jar;C:\Users\MEM_1\.m2\repository\org\apache\cxf\cxf-rt-databinding-jaxb\4.0.4\cxf-rt-databinding-jaxb-4.0.4.jar;C:\Users\MEM_1\.m2\repository\org\apache\cxf\cxf-rt-bindings-xml\4.0.4\cxf-rt-bindings-xml-4.0.4.jar;C:\Users\MEM_1\.m2\repository\org\apache\cxf\cxf-rt-frontend-simple\4.0.4\cxf-rt-frontend-simple-4.0.4.jar;C:\Users\MEM_1\.m2\repository\org\eclipse\angus\angus-mail\1.0.0\angus-mail-1.0.0.jar;C:\Users\MEM_1\.m2\repository\jakarta\mail\jakarta.mail-api\2.1.0\jakarta.mail-api-2.1.0.jar;C:\Users\MEM_1\.m2\repository\org\apache\cxf\cxf-rt-ws-addr\4.0.4\cxf-rt-ws-addr-4.0.4.jar;C:\Users\MEM_1\.m2\repository\org\apache\cxf\cxf-rt-ws-policy\4.0.4\cxf-rt-ws-policy-4.0.4.jar;C:\Users\MEM_1\.m2\repository\org\apache\neethi\neethi\3.2.0\neethi-3.2.0.jar;C:\Users\MEM_1\.m2\repository\org\eclipse\angus\angus-activation\2.0.1\angus-activation-2.0.1.jar;C:\Users\MEM_1\.m2\repository\jakarta\activation\jakarta.activation-api\2.1.2\jakarta.activation-api-2.1.2.jar;C:\Users\MEM_1\.m2\repository\org\apache\cxf\cxf-rt-transports-http\4.0.4\cxf-rt-transports-http-4.0.4.jar;C:\Users\MEM_1\.m2\repository\org\springframework\spring-web\6.0.17\spring-web-6.0.17.jar;C:\Users\MEM_1\.m2\repository\org\springframework\spring-beans\6.0.17\spring-beans-6.0.17.jar;C:\Users\MEM_1\.m2\repository\org\springframework\spring-core\6.0.17\spring-core-6.0.17.jar;C:\Users\MEM_1\.m2\repository\org\springframework\spring-jcl\6.0.17\spring-jcl-6.0.17.jar;C:\Users\MEM_1\.m2\repository\io\micrometer\micrometer-observation\1.10.13\micrometer-observation-1.10.13.jar;C:\Users\MEM_1\.m2\repository\io\micrometer\micrometer-commons\1.10.13\micrometer-commons-1.10.13.jar;C:\Users\MEM_1\.m2\repository\junit\junit\4.13.2\junit-4.13.2.jar;C:\Users\MEM_1\.m2\repository\org\hamcrest\hamcrest-core\1.3\hamcrest-core-1.3.jar;"/>
    <property name="sun.cpu.endian" value="little"/>
    <property name="user.home" value="C:\Users\MEM_1"/>
    <property name="user.language" value="en"/>
    <property name="java.specification.vendor" value="Oracle Corporation"/>
    <property name="java.version.date" value="2024-03-19"/>
    <property name="java.home" value="C:\Program Files\Java\jdk-22"/>
    <property name="file.separator" value="\"/>
    <property name="basedir" value="C:\Users\MEM_1\eclipse-workspace\TACS"/>
    <property name="style.color" value="always"/>
    <property name="java.vm.compressedOopsMode" value="Zero based"/>
    <property name="line.separator" value="&#10;"/>
    <property name="java.vm.specification.vendor" value="Oracle Corporation"/>
    <property name="java.specification.name" value="Java Platform API Specification"/>
    <property name="surefire.real.class.path" value="C:\Users\MEM_1\AppData\Local\Temp\surefire2007782469142500505\surefirebooter-20240413183246044_3.jar"/>
    <property name="user.script" value=""/>
    <property name="sun.management.compiler" value="HotSpot 64-Bit Tiered Compilers"/>
    <property name="java.runtime.version" value="22+36-2370"/>
    <property name="user.name" value="MEM_1"/>
    <property name="stdout.encoding" value="Cp1252"/>
    <property name="path.separator" value=";"/>
    <property name="os.version" value="10.0"/>
    <property name="java.runtime.name" value="Java(TM) SE Runtime Environment"/>
    <property name="file.encoding" value="UTF-8"/>
    <property name="java.vm.name" value="Java HotSpot(TM) 64-Bit Server VM"/>
    <property name="localRepository" value="C:\Users\MEM_1\.m2\repository"/>
    <property name="java.vendor.url.bug" value="https://bugreport.java.com/bugreport/"/>
    <property name="java.io.tmpdir" value="C:\Users\MEM_1\AppData\Local\Temp\"/>
    <property name="java.version" value="22"/>
    <property name="user.dir" value="C:\Users\MEM_1\eclipse-workspace\TACS"/>
    <property name="os.arch" value="amd64"/>
    <property name="java.vm.specification.name" value="Java Virtual Machine Specification"/>
    <property name="sun.os.patch.level" value=""/>
    <property name="native.encoding" value="Cp1252"/>
    <property name="java.library.path" value="C:\Program Files\Java\jdk-22\bin;C:\Windows\Sun\Java\bin;C:\Windows\system32;C:\Windows;C:\Program Files\Common Files\Oracle\Java\javapath;C:\Program Files\Eclipse Adoptium\jdk-17.0.7.7-hotspot\bin;C:\Windows\system32;C:\Windows;C:\Windows\System32\Wbem;C:\Windows\System32\WindowsPowerShell\v1.0\;C:\Windows\System32\OpenSSH\;C:\Program Files\Microsoft SQL Server\150\Tools\Binn\;C:\Program Files\Microsoft SQL Server\Client SDK\ODBC\170\Tools\Binn\;C:\Program Files (x86)\Microsoft SQL Server\160\DTS\Binn\;C:\Program Files\Azure Data Studio\bin;C:\Program Files (x86)\Microsoft SQL Server\160\Tools\Binn\;C:\Program Files\Microsoft SQL Server\160\Tools\Binn\;C:\Program Files\Microsoft SQL Server\160\DTS\Binn\;C:\Program Files\swipl\bin;C:\Program Files (x86)\Windows Kits\10\Windows Performance Toolkit\;C:\Program Files\dotnet\;C:\Program Files\Java\jdk-22\bin;C:\Users\MEM_1\Documents\apache-maven-3.9.6\bin;C:\Users\MEM_1\AppData\Local\Microsoft\WindowsApps;C:\Program Files\Azure Data Studio\bin;C:\ghcup\bin;C:\Users\MEM_1\.dotnet\tools;."/>
    <property name="java.vm.info" value="mixed mode, sharing"/>
    <property name="stderr.encoding" value="Cp1252"/>
    <property name="java.vendor" value="Oracle Corporation"/>
    <property name="java.vm.version" value="22+36-2370"/>
    <property name="sun.io.unicode.encoding" value="UnicodeLittle"/>
    <property name="java.class.version" value="66.0"/>
  </properties>
  <testcase name="testSayHi" classname="TACS.TACS.HelloWorldImplTest" time="0.004"/>
</testsuite>